2025-06-21T00:21:33.171-04:00  WARN 84984 --- [TaskManager] [HikariPool-1:housekeeper] com.zaxxer.hikari.pool.HikariPool        : HikariPool-1 - Thread starvation or clock leap detected (housekeeper delta=54s878ms).
2025-06-21T01:08:29.071-04:00  WARN 84984 --- [TaskManager] [HikariPool-1:housekeeper] com.zaxxer.hikari.pool.HikariPool        : HikariPool-1 - Thread starvation or clock leap detected (housekeeper delta=46m55s910ms).
2025-06-21T02:22:02.250-04:00  WARN 84984 --- [TaskManager] [HikariPool-1:housekeeper] com.zaxxer.hikari.pool.HikariPool        : HikariPool-1 - Thread starvation or clock leap detected (housekeeper delta=1h13m33s178ms).
2025-06-21T03:46:50.886-04:00  WARN 84984 --- [TaskManager] [HikariPool-1:housekeeper] com.zaxxer.hikari.pool.HikariPool        : HikariPool-1 - Thread starvation or clock leap detected (housekeeper delta=1h24m48s637ms).
2025-06-21T05:28:40.642-04:00  WARN 84984 --- [TaskManager] [HikariPool-1:housekeeper] com.zaxxer.hikari.pool.HikariPool        : HikariPool-1 - Thread starvation or clock leap detected (housekeeper delta=1h41m49s756ms).
2025-06-21T06:51:42.754-04:00  WARN 84984 --- [TaskManager] [HikariPool-1:housekeeper] com.zaxxer.hikari.pool.HikariPool        : HikariPool-1 - Thread starvation or clock leap detected (housekeeper delta=1h23m2s112ms).
2025-06-21T08:19:10.430-04:00  WARN 84984 --- [TaskManager] [HikariPool-1:housekeeper] com.zaxxer.hikari.pool.HikariPool        : HikariPool-1 - Thread starvation or clock leap detected (housekeeper delta=1h27m27s673ms).
2025-06-21T08:55:42.495-04:00  WARN 84984 --- [TaskManager] [HikariPool-1:housekeeper] com.zaxxer.hikari.pool.HikariPool        : HikariPool-1 - Thread starvation or clock leap detected (housekeeper delta=36m32s68ms).
2025-06-21T09:09:59.888-04:00  WARN 84984 --- [TaskManager] [HikariPool-1:housekeeper] com.zaxxer.hikari.pool.HikariPool        : HikariPool-1 - Thread starvation or clock leap detected (housekeeper delta=14m17s393ms).
2025-06-21T09:18:32.364-04:00  WARN 84984 --- [TaskManager] [HikariPool-1:housekeeper] com.zaxxer.hikari.pool.HikariPool        : HikariPool-1 - Thread starvation or clock leap detected (housekeeper delta=8m32s476ms).
2025-06-21T10:21:14.340-04:00  WARN 84984 --- [TaskManager] [HikariPool-1:housekeeper] com.zaxxer.hikari.pool.HikariPool        : HikariPool-1 - Thread starvation or clock leap detected (housekeeper delta=1h2m41s976ms).
2025-06-21T11:00:42.774-04:00  WARN 84984 --- [TaskManager] [HikariPool-1:housekeeper] com.zaxxer.hikari.pool.HikariPool        : HikariPool-1 - Thread starvation or clock leap detected (housekeeper delta=39m28s434ms).
2025-06-21T11:34:10.214-04:00  WARN 84984 --- [TaskManager] [HikariPool-1:housekeeper] com.zaxxer.hikari.pool.HikariPool        : HikariPool-1 - Thread starvation or clock leap detected (housekeeper delta=33m27s440ms).
2025-06-21T11:46:11.543-04:00  WARN 84984 --- [TaskManager] [HikariPool-1:housekeeper] com.zaxxer.hikari.pool.HikariPool        : HikariPool-1 - Thread starvation or clock leap detected (housekeeper delta=12m1s329ms).
2025-06-21T12:23:14.338-04:00  WARN 84984 --- [TaskManager] [HikariPool-1:housekeeper] com.zaxxer.hikari.pool.HikariPool        : HikariPool-1 - Thread starvation or clock leap detected (housekeeper delta=37m2s795ms).
2025-06-21T13:24:10.350-04:00  WARN 84984 --- [TaskManager] [HikariPool-1:housekeeper] com.zaxxer.hikari.pool.HikariPool        : HikariPool-1 - Thread starvation or clock leap detected (housekeeper delta=1h56s12ms).
2025-06-21T13:50:06.377-04:00  WARN 84984 --- [TaskManager] [HikariPool-1:housekeeper] com.zaxxer.hikari.pool.HikariPool        : HikariPool-1 - Thread starvation or clock leap detected (housekeeper delta=25m56s27ms).
2025-06-21T14:14:53.402-04:00  INFO 84984 --- [TaskManager] [RMI TCP Connection(351)-127.0.0.1] inMXBeanRegistrar$SpringApplicationAdmin : Application shutdown requested.
2025-06-21T14:14:53.507-04:00  INFO 84984 --- [TaskManager] [RMI TCP Connection(351)-127.0.0.1] o.s.b.w.e.tomcat.GracefulShutdown        : Commencing graceful shutdown. Waiting for active requests to complete
2025-06-21T14:14:53.527-04:00  INFO 84984 --- [TaskManager] [tomcat-shutdown] o.s.b.w.e.tomcat.GracefulShutdown        : Graceful shutdown complete
2025-06-21T14:14:53.562-04:00  INFO 84984 --- [TaskManager] [RMI TCP Connection(351)-127.0.0.1] j.LocalContainerEntityManagerFactoryBean : Closing JPA EntityManagerFactory for persistence unit 'default'
2025-06-21T14:14:53.587-04:00  INFO 84984 --- [TaskManager] [RMI TCP Connection(351)-127.0.0.1] com.zaxxer.hikari.HikariDataSource       : HikariPool-1 - Shutdown initiated...
2025-06-21T14:14:53.590-04:00  INFO 84984 --- [TaskManager] [RMI TCP Connection(351)-127.0.0.1] com.zaxxer.hikari.HikariDataSource       : HikariPool-1 - Shutdown completed.
2025-06-21T14:15:02.427-04:00  INFO 3702 --- [TaskManager] [restartedMain] com.example.api.TaskManagerApplication   : Starting TaskManagerApplication using Java 21.0.6 with PID 3702 (/Users/likhithreddyaddela/Documents/TaskManager/bin/main started by likhithreddyaddela in /Users/likhithreddyaddela/Documents/TaskManager)
2025-06-21T14:15:02.428-04:00  INFO 3702 --- [TaskManager] [restartedMain] com.example.api.TaskManagerApplication   : No active profile set, falling back to 1 default profile: "default"
2025-06-21T14:15:02.451-04:00  INFO 3702 --- [TaskManager] [restartedMain] .e.DevToolsPropertyDefaultsPostProcessor : Devtools property defaults active! Set 'spring.devtools.add-properties' to 'false' to disable
2025-06-21T14:15:02.452-04:00  INFO 3702 --- [TaskManager] [restartedMain] .e.DevToolsPropertyDefaultsPostProcessor : For additional web related logging consider setting the 'logging.level.web' property to 'DEBUG'
2025-06-21T14:15:02.760-04:00  INFO 3702 --- [TaskManager] [restartedMain] .s.d.r.c.RepositoryConfigurationDelegate : Bootstrapping Spring Data JPA repositories in DEFAULT mode.
2025-06-21T14:15:02.783-04:00  INFO 3702 --- [TaskManager] [restartedMain] .s.d.r.c.RepositoryConfigurationDelegate : Finished Spring Data repository scanning in 19 ms. Found 3 JPA repository interfaces.
2025-06-21T14:15:03.048-04:00  INFO 3702 --- [TaskManager] [restartedMain] o.s.b.w.embedded.tomcat.TomcatWebServer  : Tomcat initialized with port 8080 (http)
2025-06-21T14:15:03.056-04:00  INFO 3702 --- [TaskManager] [restartedMain] o.apache.catalina.core.StandardService   : Starting service [Tomcat]
2025-06-21T14:15:03.056-04:00  INFO 3702 --- [TaskManager] [restartedMain] o.apache.catalina.core.StandardEngine    : Starting Servlet engine: [Apache Tomcat/10.1.41]
2025-06-21T14:15:03.071-04:00  INFO 3702 --- [TaskManager] [restartedMain] o.a.c.c.C.[Tomcat].[localhost].[/]       : Initializing Spring embedded WebApplicationContext
2025-06-21T14:15:03.072-04:00  INFO 3702 --- [TaskManager] [restartedMain] w.s.c.ServletWebServerApplicationContext : Root WebApplicationContext: initialization completed in 620 ms
2025-06-21T14:15:03.140-04:00  INFO 3702 --- [TaskManager] [restartedMain] o.hibernate.jpa.internal.util.LogHelper  : HHH000204: Processing PersistenceUnitInfo [name: default]
2025-06-21T14:15:03.168-04:00  INFO 3702 --- [TaskManager] [restartedMain] org.hibernate.Version                    : HHH000412: Hibernate ORM core version 6.6.15.Final
2025-06-21T14:15:03.187-04:00  INFO 3702 --- [TaskManager] [restartedMain] o.h.c.internal.RegionFactoryInitiator    : HHH000026: Second-level cache disabled
2025-06-21T14:15:03.317-04:00  INFO 3702 --- [TaskManager] [restartedMain] o.s.o.j.p.SpringPersistenceUnitInfo      : No LoadTimeWeaver setup: ignoring JPA class transformer
2025-06-21T14:15:03.331-04:00  INFO 3702 --- [TaskManager] [restartedMain] com.zaxxer.hikari.HikariDataSource       : HikariPool-1 - Starting...
2025-06-21T14:15:03.428-04:00  INFO 3702 --- [TaskManager] [restartedMain] com.zaxxer.hikari.pool.HikariPool        : HikariPool-1 - Added connection org.postgresql.jdbc.PgConnection@5c72649
2025-06-21T14:15:03.429-04:00  INFO 3702 --- [TaskManager] [restartedMain] com.zaxxer.hikari.HikariDataSource       : HikariPool-1 - Start completed.
2025-06-21T14:15:03.493-04:00  INFO 3702 --- [TaskManager] [restartedMain] org.hibernate.orm.connections.pooling    : HHH10001005: Database info:
	Database JDBC URL [Connecting through datasource 'HikariDataSource (HikariPool-1)']
	Database driver: undefined/unknown
	Database version: 17.4
	Autocommit mode: undefined/unknown
	Isolation level: undefined/unknown
	Minimum pool size: undefined/unknown
	Maximum pool size: undefined/unknown
2025-06-21T14:15:03.934-04:00  INFO 3702 --- [TaskManager] [restartedMain] o.h.e.t.j.p.i.JtaPlatformInitiator       : HHH000489: No JTA platform available (set 'hibernate.transaction.jta.platform' to enable JTA platform integration)
2025-06-21T14:15:04.110-04:00  INFO 3702 --- [TaskManager] [restartedMain] j.LocalContainerEntityManagerFactoryBean : Initialized JPA EntityManagerFactory for persistence unit 'default'
2025-06-21T14:15:04.332-04:00  INFO 3702 --- [TaskManager] [restartedMain] eAuthenticationProviderManagerConfigurer : Global AuthenticationManager configured with AuthenticationProvider bean with name authenticationProvider
2025-06-21T14:15:04.332-04:00  WARN 3702 --- [TaskManager] [restartedMain] r$InitializeUserDetailsManagerConfigurer : Global AuthenticationManager configured with an AuthenticationProvider bean. UserDetailsService beans will not be used by Spring Security for automatically configuring username/password login. Consider removing the AuthenticationProvider bean. Alternatively, consider using the UserDetailsService in a manually instantiated DaoAuthenticationProvider. If the current configuration is intentional, to turn off this warning, increase the logging level of 'org.springframework.security.config.annotation.authentication.configuration.InitializeUserDetailsBeanManagerConfigurer' to ERROR
2025-06-21T14:15:04.379-04:00  WARN 3702 --- [TaskManager] [restartedMain] JpaBaseConfiguration$JpaWebConfiguration : spring.jpa.open-in-view is enabled by default. Therefore, database queries may be performed during view rendering. Explicitly configure spring.jpa.open-in-view to disable this warning
2025-06-21T14:15:04.681-04:00  INFO 3702 --- [TaskManager] [restartedMain] o.s.b.d.a.OptionalLiveReloadServer       : LiveReload server is running on port 35729
2025-06-21T14:15:04.702-04:00  INFO 3702 --- [TaskManager] [restartedMain] o.s.b.w.embedded.tomcat.TomcatWebServer  : Tomcat started on port 8080 (http) with context path '/'
2025-06-21T14:15:04.707-04:00  INFO 3702 --- [TaskManager] [restartedMain] com.example.api.TaskManagerApplication   : Started TaskManagerApplication in 2.474 seconds (process running for 2.897)
2025-06-21T14:16:54.279-04:00  INFO 3702 --- [TaskManager] [http-nio-8080-exec-1] o.a.c.c.C.[Tomcat].[localhost].[/]       : Initializing Spring DispatcherServlet 'dispatcherServlet'
2025-06-21T14:16:54.279-04:00  INFO 3702 --- [TaskManager] [http-nio-8080-exec-1] o.s.web.servlet.DispatcherServlet        : Initializing Servlet 'dispatcherServlet'
2025-06-21T14:16:54.282-04:00  INFO 3702 --- [TaskManager] [http-nio-8080-exec-1] o.s.web.servlet.DispatcherServlet        : Completed initialization in 2 ms
2025-06-21T14:55:50.369-04:00  INFO 3702 --- [TaskManager] [RMI TCP Connection(51)-127.0.0.1] inMXBeanRegistrar$SpringApplicationAdmin : Application shutdown requested.
2025-06-21T14:55:50.471-04:00  INFO 3702 --- [TaskManager] [RMI TCP Connection(51)-127.0.0.1] o.s.b.w.e.tomcat.GracefulShutdown        : Commencing graceful shutdown. Waiting for active requests to complete
2025-06-21T14:55:50.485-04:00  INFO 3702 --- [TaskManager] [tomcat-shutdown] o.s.b.w.e.tomcat.GracefulShutdown        : Graceful shutdown complete
2025-06-21T14:55:50.506-04:00  INFO 3702 --- [TaskManager] [RMI TCP Connection(51)-127.0.0.1] j.LocalContainerEntityManagerFactoryBean : Closing JPA EntityManagerFactory for persistence unit 'default'
2025-06-21T14:55:50.554-04:00  INFO 3702 --- [TaskManager] [RMI TCP Connection(51)-127.0.0.1] com.zaxxer.hikari.HikariDataSource       : HikariPool-1 - Shutdown initiated...
2025-06-21T14:55:50.559-04:00  INFO 3702 --- [TaskManager] [RMI TCP Connection(51)-127.0.0.1] com.zaxxer.hikari.HikariDataSource       : HikariPool-1 - Shutdown completed.
2025-06-21T14:56:14.617-04:00  INFO 5413 --- [TaskManager] [restartedMain] com.example.api.TaskManagerApplication   : Starting TaskManagerApplication using Java 21.0.6 with PID 5413 (/Users/likhithreddyaddela/Documents/TaskManager/bin/main started by likhithreddyaddela in /Users/likhithreddyaddela/Documents/TaskManager)
2025-06-21T14:56:14.618-04:00  INFO 5413 --- [TaskManager] [restartedMain] com.example.api.TaskManagerApplication   : No active profile set, falling back to 1 default profile: "default"
2025-06-21T14:56:14.637-04:00  INFO 5413 --- [TaskManager] [restartedMain] .e.DevToolsPropertyDefaultsPostProcessor : Devtools property defaults active! Set 'spring.devtools.add-properties' to 'false' to disable
2025-06-21T14:56:14.637-04:00  INFO 5413 --- [TaskManager] [restartedMain] .e.DevToolsPropertyDefaultsPostProcessor : For additional web related logging consider setting the 'logging.level.web' property to 'DEBUG'
2025-06-21T14:56:14.957-04:00  INFO 5413 --- [TaskManager] [restartedMain] .s.d.r.c.RepositoryConfigurationDelegate : Bootstrapping Spring Data JPA repositories in DEFAULT mode.
2025-06-21T14:56:14.981-04:00  INFO 5413 --- [TaskManager] [restartedMain] .s.d.r.c.RepositoryConfigurationDelegate : Finished Spring Data repository scanning in 20 ms. Found 3 JPA repository interfaces.
2025-06-21T14:56:15.242-04:00  INFO 5413 --- [TaskManager] [restartedMain] o.s.b.w.embedded.tomcat.TomcatWebServer  : Tomcat initialized with port 8080 (http)
2025-06-21T14:56:15.249-04:00  INFO 5413 --- [TaskManager] [restartedMain] o.apache.catalina.core.StandardService   : Starting service [Tomcat]
2025-06-21T14:56:15.249-04:00  INFO 5413 --- [TaskManager] [restartedMain] o.apache.catalina.core.StandardEngine    : Starting Servlet engine: [Apache Tomcat/10.1.41]
2025-06-21T14:56:15.265-04:00  INFO 5413 --- [TaskManager] [restartedMain] o.a.c.c.C.[Tomcat].[localhost].[/]       : Initializing Spring embedded WebApplicationContext
2025-06-21T14:56:15.265-04:00  INFO 5413 --- [TaskManager] [restartedMain] w.s.c.ServletWebServerApplicationContext : Root WebApplicationContext: initialization completed in 628 ms
2025-06-21T14:56:15.334-04:00  INFO 5413 --- [TaskManager] [restartedMain] o.hibernate.jpa.internal.util.LogHelper  : HHH000204: Processing PersistenceUnitInfo [name: default]
2025-06-21T14:56:15.365-04:00  INFO 5413 --- [TaskManager] [restartedMain] org.hibernate.Version                    : HHH000412: Hibernate ORM core version 6.6.15.Final
2025-06-21T14:56:15.386-04:00  INFO 5413 --- [TaskManager] [restartedMain] o.h.c.internal.RegionFactoryInitiator    : HHH000026: Second-level cache disabled
2025-06-21T14:56:15.517-04:00  INFO 5413 --- [TaskManager] [restartedMain] o.s.o.j.p.SpringPersistenceUnitInfo      : No LoadTimeWeaver setup: ignoring JPA class transformer
2025-06-21T14:56:15.533-04:00  INFO 5413 --- [TaskManager] [restartedMain] com.zaxxer.hikari.HikariDataSource       : HikariPool-1 - Starting...
2025-06-21T14:56:15.627-04:00  INFO 5413 --- [TaskManager] [restartedMain] com.zaxxer.hikari.pool.HikariPool        : HikariPool-1 - Added connection org.postgresql.jdbc.PgConnection@39054c51
2025-06-21T14:56:15.628-04:00  INFO 5413 --- [TaskManager] [restartedMain] com.zaxxer.hikari.HikariDataSource       : HikariPool-1 - Start completed.
2025-06-21T14:56:15.680-04:00  INFO 5413 --- [TaskManager] [restartedMain] org.hibernate.orm.connections.pooling    : HHH10001005: Database info:
	Database JDBC URL [Connecting through datasource 'HikariDataSource (HikariPool-1)']
	Database driver: undefined/unknown
	Database version: 17.4
	Autocommit mode: undefined/unknown
	Isolation level: undefined/unknown
	Minimum pool size: undefined/unknown
	Maximum pool size: undefined/unknown
2025-06-21T14:56:16.105-04:00  INFO 5413 --- [TaskManager] [restartedMain] o.h.e.t.j.p.i.JtaPlatformInitiator       : HHH000489: No JTA platform available (set 'hibernate.transaction.jta.platform' to enable JTA platform integration)
2025-06-21T14:56:16.227-04:00  INFO 5413 --- [TaskManager] [restartedMain] j.LocalContainerEntityManagerFactoryBean : Initialized JPA EntityManagerFactory for persistence unit 'default'
2025-06-21T14:56:16.438-04:00  INFO 5413 --- [TaskManager] [restartedMain] eAuthenticationProviderManagerConfigurer : Global AuthenticationManager configured with AuthenticationProvider bean with name authenticationProvider
2025-06-21T14:56:16.438-04:00  WARN 5413 --- [TaskManager] [restartedMain] r$InitializeUserDetailsManagerConfigurer : Global AuthenticationManager configured with an AuthenticationProvider bean. UserDetailsService beans will not be used by Spring Security for automatically configuring username/password login. Consider removing the AuthenticationProvider bean. Alternatively, consider using the UserDetailsService in a manually instantiated DaoAuthenticationProvider. If the current configuration is intentional, to turn off this warning, increase the logging level of 'org.springframework.security.config.annotation.authentication.configuration.InitializeUserDetailsBeanManagerConfigurer' to ERROR
2025-06-21T14:56:16.484-04:00  WARN 5413 --- [TaskManager] [restartedMain] JpaBaseConfiguration$JpaWebConfiguration : spring.jpa.open-in-view is enabled by default. Therefore, database queries may be performed during view rendering. Explicitly configure spring.jpa.open-in-view to disable this warning
2025-06-21T14:56:16.787-04:00  INFO 5413 --- [TaskManager] [restartedMain] o.s.b.d.a.OptionalLiveReloadServer       : LiveReload server is running on port 35729
2025-06-21T14:56:16.807-04:00  INFO 5413 --- [TaskManager] [restartedMain] o.s.b.w.embedded.tomcat.TomcatWebServer  : Tomcat started on port 8080 (http) with context path '/'
2025-06-21T14:56:16.812-04:00  INFO 5413 --- [TaskManager] [restartedMain] com.example.api.TaskManagerApplication   : Started TaskManagerApplication in 2.383 seconds (process running for 2.817)
2025-06-21T14:56:32.503-04:00  INFO 5413 --- [TaskManager] [http-nio-8080-exec-2] o.a.c.c.C.[Tomcat].[localhost].[/]       : Initializing Spring DispatcherServlet 'dispatcherServlet'
2025-06-21T14:56:32.504-04:00  INFO 5413 --- [TaskManager] [http-nio-8080-exec-2] o.s.web.servlet.DispatcherServlet        : Initializing Servlet 'dispatcherServlet'
2025-06-21T14:56:32.508-04:00  INFO 5413 --- [TaskManager] [http-nio-8080-exec-2] o.s.web.servlet.DispatcherServlet        : Completed initialization in 4 ms
2025-06-21T14:56:32.708-04:00  INFO 5413 --- [TaskManager] [http-nio-8080-exec-2] c.e.api.controller.ProjectController     : GET api/tasks
2025-06-21T15:08:35.910-04:00  INFO 5413 --- [TaskManager] [http-nio-8080-exec-2] c.e.api.controller.ProjectController     : GET api/tasks
2025-06-21T15:25:12.035-04:00  INFO 5413 --- [TaskManager] [File Watcher] rtingClassPathChangeChangedEventListener : Restarting due to 1 class path change (0 additions, 0 deletions, 1 modification)
2025-06-21T15:25:12.126-04:00  INFO 5413 --- [TaskManager] [Thread-5] o.s.b.w.e.tomcat.GracefulShutdown        : Commencing graceful shutdown. Waiting for active requests to complete
2025-06-21T15:25:12.140-04:00  INFO 5413 --- [TaskManager] [tomcat-shutdown] o.s.b.w.e.tomcat.GracefulShutdown        : Graceful shutdown complete
2025-06-21T15:25:12.183-04:00  INFO 5413 --- [TaskManager] [Thread-5] j.LocalContainerEntityManagerFactoryBean : Closing JPA EntityManagerFactory for persistence unit 'default'
2025-06-21T15:25:12.219-04:00  INFO 5413 --- [TaskManager] [Thread-5] com.zaxxer.hikari.HikariDataSource       : HikariPool-1 - Shutdown initiated...
2025-06-21T15:25:12.224-04:00  INFO 5413 --- [TaskManager] [Thread-5] com.zaxxer.hikari.HikariDataSource       : HikariPool-1 - Shutdown completed.
2025-06-21T15:25:12.425-04:00  INFO 5413 --- [TaskManager] [restartedMain] com.example.api.TaskManagerApplication   : Starting TaskManagerApplication using Java 21.0.6 with PID 5413 (/Users/likhithreddyaddela/Documents/TaskManager/bin/main started by likhithreddyaddela in /Users/likhithreddyaddela/Documents/TaskManager)
2025-06-21T15:25:12.426-04:00  INFO 5413 --- [TaskManager] [restartedMain] com.example.api.TaskManagerApplication   : No active profile set, falling back to 1 default profile: "default"
2025-06-21T15:25:12.676-04:00  INFO 5413 --- [TaskManager] [restartedMain] .s.d.r.c.RepositoryConfigurationDelegate : Bootstrapping Spring Data JPA repositories in DEFAULT mode.
2025-06-21T15:25:12.683-04:00  INFO 5413 --- [TaskManager] [restartedMain] .s.d.r.c.RepositoryConfigurationDelegate : Finished Spring Data repository scanning in 6 ms. Found 3 JPA repository interfaces.
2025-06-21T15:25:12.840-04:00  INFO 5413 --- [TaskManager] [restartedMain] o.s.b.w.embedded.tomcat.TomcatWebServer  : Tomcat initialized with port 8080 (http)
2025-06-21T15:25:12.841-04:00  INFO 5413 --- [TaskManager] [restartedMain] o.apache.catalina.core.StandardService   : Starting service [Tomcat]
2025-06-21T15:25:12.841-04:00  INFO 5413 --- [TaskManager] [restartedMain] o.apache.catalina.core.StandardEngine    : Starting Servlet engine: [Apache Tomcat/10.1.41]
2025-06-21T15:25:12.853-04:00  INFO 5413 --- [TaskManager] [restartedMain] o.a.c.c.C.[Tomcat].[localhost].[/]       : Initializing Spring embedded WebApplicationContext
2025-06-21T15:25:12.853-04:00  INFO 5413 --- [TaskManager] [restartedMain] w.s.c.ServletWebServerApplicationContext : Root WebApplicationContext: initialization completed in 424 ms
2025-06-21T15:25:12.890-04:00  INFO 5413 --- [TaskManager] [restartedMain] o.hibernate.jpa.internal.util.LogHelper  : HHH000204: Processing PersistenceUnitInfo [name: default]
2025-06-21T15:25:12.891-04:00  INFO 5413 --- [TaskManager] [restartedMain] o.h.c.internal.RegionFactoryInitiator    : HHH000026: Second-level cache disabled
2025-06-21T15:25:12.896-04:00  INFO 5413 --- [TaskManager] [restartedMain] o.s.o.j.p.SpringPersistenceUnitInfo      : No LoadTimeWeaver setup: ignoring JPA class transformer
2025-06-21T15:25:12.897-04:00  INFO 5413 --- [TaskManager] [restartedMain] com.zaxxer.hikari.HikariDataSource       : HikariPool-2 - Starting...
2025-06-21T15:25:12.937-04:00  INFO 5413 --- [TaskManager] [restartedMain] com.zaxxer.hikari.pool.HikariPool        : HikariPool-2 - Added connection org.postgresql.jdbc.PgConnection@69cbbac0
2025-06-21T15:25:12.938-04:00  INFO 5413 --- [TaskManager] [restartedMain] com.zaxxer.hikari.HikariDataSource       : HikariPool-2 - Start completed.
2025-06-21T15:25:12.956-04:00  INFO 5413 --- [TaskManager] [restartedMain] org.hibernate.orm.connections.pooling    : HHH10001005: Database info:
	Database JDBC URL [Connecting through datasource 'HikariDataSource (HikariPool-2)']
	Database driver: undefined/unknown
	Database version: 17.4
	Autocommit mode: undefined/unknown
	Isolation level: undefined/unknown
	Minimum pool size: undefined/unknown
	Maximum pool size: undefined/unknown
2025-06-21T15:25:13.017-04:00  INFO 5413 --- [TaskManager] [restartedMain] o.h.e.t.j.p.i.JtaPlatformInitiator       : HHH000489: No JTA platform available (set 'hibernate.transaction.jta.platform' to enable JTA platform integration)
2025-06-21T15:25:13.119-04:00  INFO 5413 --- [TaskManager] [restartedMain] j.LocalContainerEntityManagerFactoryBean : Initialized JPA EntityManagerFactory for persistence unit 'default'
2025-06-21T15:25:13.196-04:00  INFO 5413 --- [TaskManager] [restartedMain] eAuthenticationProviderManagerConfigurer : Global AuthenticationManager configured with AuthenticationProvider bean with name authenticationProvider
2025-06-21T15:25:13.196-04:00  WARN 5413 --- [TaskManager] [restartedMain] r$InitializeUserDetailsManagerConfigurer : Global AuthenticationManager configured with an AuthenticationProvider bean. UserDetailsService beans will not be used by Spring Security for automatically configuring username/password login. Consider removing the AuthenticationProvider bean. Alternatively, consider using the UserDetailsService in a manually instantiated DaoAuthenticationProvider. If the current configuration is intentional, to turn off this warning, increase the logging level of 'org.springframework.security.config.annotation.authentication.configuration.InitializeUserDetailsBeanManagerConfigurer' to ERROR
2025-06-21T15:25:13.232-04:00  WARN 5413 --- [TaskManager] [restartedMain] JpaBaseConfiguration$JpaWebConfiguration : spring.jpa.open-in-view is enabled by default. Therefore, database queries may be performed during view rendering. Explicitly configure spring.jpa.open-in-view to disable this warning
2025-06-21T15:25:13.419-04:00  INFO 5413 --- [TaskManager] [restartedMain] o.s.b.d.a.OptionalLiveReloadServer       : LiveReload server is running on port 35729
2025-06-21T15:25:13.427-04:00  INFO 5413 --- [TaskManager] [restartedMain] o.s.b.w.embedded.tomcat.TomcatWebServer  : Tomcat started on port 8080 (http) with context path '/'
2025-06-21T15:25:13.429-04:00  INFO 5413 --- [TaskManager] [restartedMain] com.example.api.TaskManagerApplication   : Started TaskManagerApplication in 1.037 seconds (process running for 1739.498)
2025-06-21T15:25:13.430-04:00  INFO 5413 --- [TaskManager] [restartedMain] .ConditionEvaluationDeltaLoggingListener : Condition evaluation unchanged
2025-06-21T15:27:10.997-04:00  INFO 5413 --- [TaskManager] [RMI TCP Connection(44)-127.0.0.1] inMXBeanRegistrar$SpringApplicationAdmin : Application shutdown requested.
2025-06-21T15:27:11.020-04:00  INFO 5413 --- [TaskManager] [RMI TCP Connection(44)-127.0.0.1] o.s.b.w.e.tomcat.GracefulShutdown        : Commencing graceful shutdown. Waiting for active requests to complete
2025-06-21T15:27:11.024-04:00  INFO 5413 --- [TaskManager] [tomcat-shutdown] o.s.b.w.e.tomcat.GracefulShutdown        : Graceful shutdown complete
2025-06-21T15:27:11.030-04:00  INFO 5413 --- [TaskManager] [RMI TCP Connection(44)-127.0.0.1] j.LocalContainerEntityManagerFactoryBean : Closing JPA EntityManagerFactory for persistence unit 'default'
2025-06-21T15:27:11.039-04:00  INFO 5413 --- [TaskManager] [RMI TCP Connection(44)-127.0.0.1] com.zaxxer.hikari.HikariDataSource       : HikariPool-2 - Shutdown initiated...
2025-06-21T15:27:11.046-04:00  INFO 5413 --- [TaskManager] [RMI TCP Connection(44)-127.0.0.1] com.zaxxer.hikari.HikariDataSource       : HikariPool-2 - Shutdown completed.
2025-06-21T15:27:12.897-04:00  INFO 6704 --- [TaskManager] [restartedMain] com.example.api.TaskManagerApplication   : Starting TaskManagerApplication using Java 21.0.6 with PID 6704 (/Users/likhithreddyaddela/Documents/TaskManager/bin/main started by likhithreddyaddela in /Users/likhithreddyaddela/Documents/TaskManager)
2025-06-21T15:27:12.898-04:00  INFO 6704 --- [TaskManager] [restartedMain] com.example.api.TaskManagerApplication   : No active profile set, falling back to 1 default profile: "default"
2025-06-21T15:27:12.917-04:00  INFO 6704 --- [TaskManager] [restartedMain] .e.DevToolsPropertyDefaultsPostProcessor : Devtools property defaults active! Set 'spring.devtools.add-properties' to 'false' to disable
2025-06-21T15:27:12.917-04:00  INFO 6704 --- [TaskManager] [restartedMain] .e.DevToolsPropertyDefaultsPostProcessor : For additional web related logging consider setting the 'logging.level.web' property to 'DEBUG'
2025-06-21T15:27:13.231-04:00  INFO 6704 --- [TaskManager] [restartedMain] .s.d.r.c.RepositoryConfigurationDelegate : Bootstrapping Spring Data JPA repositories in DEFAULT mode.
2025-06-21T15:27:13.255-04:00  INFO 6704 --- [TaskManager] [restartedMain] .s.d.r.c.RepositoryConfigurationDelegate : Finished Spring Data repository scanning in 20 ms. Found 3 JPA repository interfaces.
2025-06-21T15:27:13.518-04:00  INFO 6704 --- [TaskManager] [restartedMain] o.s.b.w.embedded.tomcat.TomcatWebServer  : Tomcat initialized with port 8080 (http)
2025-06-21T15:27:13.526-04:00  INFO 6704 --- [TaskManager] [restartedMain] o.apache.catalina.core.StandardService   : Starting service [Tomcat]
2025-06-21T15:27:13.527-04:00  INFO 6704 --- [TaskManager] [restartedMain] o.apache.catalina.core.StandardEngine    : Starting Servlet engine: [Apache Tomcat/10.1.41]
2025-06-21T15:27:13.545-04:00  INFO 6704 --- [TaskManager] [restartedMain] o.a.c.c.C.[Tomcat].[localhost].[/]       : Initializing Spring embedded WebApplicationContext
2025-06-21T15:27:13.545-04:00  INFO 6704 --- [TaskManager] [restartedMain] w.s.c.ServletWebServerApplicationContext : Root WebApplicationContext: initialization completed in 628 ms
2025-06-21T15:27:13.617-04:00  INFO 6704 --- [TaskManager] [restartedMain] o.hibernate.jpa.internal.util.LogHelper  : HHH000204: Processing PersistenceUnitInfo [name: default]
2025-06-21T15:27:13.653-04:00  INFO 6704 --- [TaskManager] [restartedMain] org.hibernate.Version                    : HHH000412: Hibernate ORM core version 6.6.15.Final
2025-06-21T15:27:13.676-04:00  INFO 6704 --- [TaskManager] [restartedMain] o.h.c.internal.RegionFactoryInitiator    : HHH000026: Second-level cache disabled
2025-06-21T15:27:13.811-04:00  INFO 6704 --- [TaskManager] [restartedMain] o.s.o.j.p.SpringPersistenceUnitInfo      : No LoadTimeWeaver setup: ignoring JPA class transformer
2025-06-21T15:27:13.825-04:00  INFO 6704 --- [TaskManager] [restartedMain] com.zaxxer.hikari.HikariDataSource       : HikariPool-1 - Starting...
2025-06-21T15:27:13.910-04:00  INFO 6704 --- [TaskManager] [restartedMain] com.zaxxer.hikari.pool.HikariPool        : HikariPool-1 - Added connection org.postgresql.jdbc.PgConnection@a709b62
2025-06-21T15:27:13.911-04:00  INFO 6704 --- [TaskManager] [restartedMain] com.zaxxer.hikari.HikariDataSource       : HikariPool-1 - Start completed.
2025-06-21T15:27:13.956-04:00  INFO 6704 --- [TaskManager] [restartedMain] org.hibernate.orm.connections.pooling    : HHH10001005: Database info:
	Database JDBC URL [Connecting through datasource 'HikariDataSource (HikariPool-1)']
	Database driver: undefined/unknown
	Database version: 17.4
	Autocommit mode: undefined/unknown
	Isolation level: undefined/unknown
	Minimum pool size: undefined/unknown
	Maximum pool size: undefined/unknown
2025-06-21T15:27:14.374-04:00  INFO 6704 --- [TaskManager] [restartedMain] o.h.e.t.j.p.i.JtaPlatformInitiator       : HHH000489: No JTA platform available (set 'hibernate.transaction.jta.platform' to enable JTA platform integration)
2025-06-21T15:27:14.472-04:00  INFO 6704 --- [TaskManager] [restartedMain] j.LocalContainerEntityManagerFactoryBean : Initialized JPA EntityManagerFactory for persistence unit 'default'
2025-06-21T15:27:14.679-04:00  INFO 6704 --- [TaskManager] [restartedMain] eAuthenticationProviderManagerConfigurer : Global AuthenticationManager configured with AuthenticationProvider bean with name authenticationProvider
2025-06-21T15:27:14.679-04:00  WARN 6704 --- [TaskManager] [restartedMain] r$InitializeUserDetailsManagerConfigurer : Global AuthenticationManager configured with an AuthenticationProvider bean. UserDetailsService beans will not be used by Spring Security for automatically configuring username/password login. Consider removing the AuthenticationProvider bean. Alternatively, consider using the UserDetailsService in a manually instantiated DaoAuthenticationProvider. If the current configuration is intentional, to turn off this warning, increase the logging level of 'org.springframework.security.config.annotation.authentication.configuration.InitializeUserDetailsBeanManagerConfigurer' to ERROR
2025-06-21T15:27:14.726-04:00  WARN 6704 --- [TaskManager] [restartedMain] JpaBaseConfiguration$JpaWebConfiguration : spring.jpa.open-in-view is enabled by default. Therefore, database queries may be performed during view rendering. Explicitly configure spring.jpa.open-in-view to disable this warning
2025-06-21T15:27:15.031-04:00  INFO 6704 --- [TaskManager] [restartedMain] o.s.b.d.a.OptionalLiveReloadServer       : LiveReload server is running on port 35729
2025-06-21T15:27:15.051-04:00  INFO 6704 --- [TaskManager] [restartedMain] o.s.b.w.embedded.tomcat.TomcatWebServer  : Tomcat started on port 8080 (http) with context path '/'
2025-06-21T15:27:15.056-04:00  INFO 6704 --- [TaskManager] [restartedMain] com.example.api.TaskManagerApplication   : Started TaskManagerApplication in 2.367 seconds (process running for 2.787)
2025-06-21T15:27:32.400-04:00  INFO 6704 --- [TaskManager] [http-nio-8080-exec-1] o.a.c.c.C.[Tomcat].[localhost].[/]       : Initializing Spring DispatcherServlet 'dispatcherServlet'
2025-06-21T15:27:32.401-04:00  INFO 6704 --- [TaskManager] [http-nio-8080-exec-1] o.s.web.servlet.DispatcherServlet        : Initializing Servlet 'dispatcherServlet'
2025-06-21T15:27:32.403-04:00  INFO 6704 --- [TaskManager] [http-nio-8080-exec-1] o.s.web.servlet.DispatcherServlet        : Completed initialization in 2 ms
2025-06-21T15:57:13.975-04:00  WARN 6704 --- [TaskManager] [HikariPool-1:housekeeper] com.zaxxer.hikari.pool.HikariPool        : HikariPool-1 - Thread starvation or clock leap detected (housekeeper delta=59s708ms).
2025-06-21T16:17:06.981-04:00  WARN 6704 --- [TaskManager] [HikariPool-1:housekeeper] com.zaxxer.hikari.pool.HikariPool        : HikariPool-1 - Thread starvation or clock leap detected (housekeeper delta=19m53s9ms).
2025-06-21T16:39:26.685-04:00  INFO 6704 --- [TaskManager] [File Watcher] rtingClassPathChangeChangedEventListener : Restarting due to 1 class path change (0 additions, 0 deletions, 1 modification)
2025-06-21T16:39:26.808-04:00  INFO 6704 --- [TaskManager] [Thread-5] o.s.b.w.e.tomcat.GracefulShutdown        : Commencing graceful shutdown. Waiting for active requests to complete
2025-06-21T16:39:26.819-04:00  INFO 6704 --- [TaskManager] [tomcat-shutdown] o.s.b.w.e.tomcat.GracefulShutdown        : Graceful shutdown complete
2025-06-21T16:39:26.846-04:00  INFO 6704 --- [TaskManager] [Thread-5] j.LocalContainerEntityManagerFactoryBean : Closing JPA EntityManagerFactory for persistence unit 'default'
2025-06-21T16:39:26.886-04:00  INFO 6704 --- [TaskManager] [Thread-5] com.zaxxer.hikari.HikariDataSource       : HikariPool-1 - Shutdown initiated...
2025-06-21T16:39:26.898-04:00  INFO 6704 --- [TaskManager] [Thread-5] com.zaxxer.hikari.HikariDataSource       : HikariPool-1 - Shutdown completed.
2025-06-21T16:39:29.227-04:00  INFO 9111 --- [TaskManager] [restartedMain] com.example.api.TaskManagerApplication   : Starting TaskManagerApplication using Java 21.0.6 with PID 9111 (/Users/likhithreddyaddela/Documents/TaskManager/bin/main started by likhithreddyaddela in /Users/likhithreddyaddela/Documents/TaskManager)
2025-06-21T16:39:29.228-04:00  INFO 9111 --- [TaskManager] [restartedMain] com.example.api.TaskManagerApplication   : No active profile set, falling back to 1 default profile: "default"
2025-06-21T16:39:29.248-04:00  INFO 9111 --- [TaskManager] [restartedMain] .e.DevToolsPropertyDefaultsPostProcessor : Devtools property defaults active! Set 'spring.devtools.add-properties' to 'false' to disable
2025-06-21T16:39:29.248-04:00  INFO 9111 --- [TaskManager] [restartedMain] .e.DevToolsPropertyDefaultsPostProcessor : For additional web related logging consider setting the 'logging.level.web' property to 'DEBUG'
2025-06-21T16:39:29.558-04:00  INFO 9111 --- [TaskManager] [restartedMain] .s.d.r.c.RepositoryConfigurationDelegate : Bootstrapping Spring Data JPA repositories in DEFAULT mode.
2025-06-21T16:39:29.581-04:00  INFO 9111 --- [TaskManager] [restartedMain] .s.d.r.c.RepositoryConfigurationDelegate : Finished Spring Data repository scanning in 19 ms. Found 3 JPA repository interfaces.
2025-06-21T16:39:29.845-04:00  INFO 9111 --- [TaskManager] [restartedMain] o.s.b.w.embedded.tomcat.TomcatWebServer  : Tomcat initialized with port 8080 (http)
2025-06-21T16:39:29.853-04:00  INFO 9111 --- [TaskManager] [restartedMain] o.apache.catalina.core.StandardService   : Starting service [Tomcat]
2025-06-21T16:39:29.853-04:00  INFO 9111 --- [TaskManager] [restartedMain] o.apache.catalina.core.StandardEngine    : Starting Servlet engine: [Apache Tomcat/10.1.41]
2025-06-21T16:39:29.869-04:00  INFO 9111 --- [TaskManager] [restartedMain] o.a.c.c.C.[Tomcat].[localhost].[/]       : Initializing Spring embedded WebApplicationContext
2025-06-21T16:39:29.870-04:00  INFO 9111 --- [TaskManager] [restartedMain] w.s.c.ServletWebServerApplicationContext : Root WebApplicationContext: initialization completed in 622 ms
2025-06-21T16:39:29.940-04:00  INFO 9111 --- [TaskManager] [restartedMain] o.hibernate.jpa.internal.util.LogHelper  : HHH000204: Processing PersistenceUnitInfo [name: default]
2025-06-21T16:39:29.968-04:00  INFO 9111 --- [TaskManager] [restartedMain] org.hibernate.Version                    : HHH000412: Hibernate ORM core version 6.6.15.Final
2025-06-21T16:39:29.988-04:00  INFO 9111 --- [TaskManager] [restartedMain] o.h.c.internal.RegionFactoryInitiator    : HHH000026: Second-level cache disabled
2025-06-21T16:39:30.122-04:00  INFO 9111 --- [TaskManager] [restartedMain] o.s.o.j.p.SpringPersistenceUnitInfo      : No LoadTimeWeaver setup: ignoring JPA class transformer
2025-06-21T16:39:30.136-04:00  INFO 9111 --- [TaskManager] [restartedMain] com.zaxxer.hikari.HikariDataSource       : HikariPool-1 - Starting...
2025-06-21T16:39:30.233-04:00  INFO 9111 --- [TaskManager] [restartedMain] com.zaxxer.hikari.pool.HikariPool        : HikariPool-1 - Added connection org.postgresql.jdbc.PgConnection@ebdcb1e
2025-06-21T16:39:30.234-04:00  INFO 9111 --- [TaskManager] [restartedMain] com.zaxxer.hikari.HikariDataSource       : HikariPool-1 - Start completed.
2025-06-21T16:39:30.282-04:00  INFO 9111 --- [TaskManager] [restartedMain] org.hibernate.orm.connections.pooling    : HHH10001005: Database info:
	Database JDBC URL [Connecting through datasource 'HikariDataSource (HikariPool-1)']
	Database driver: undefined/unknown
	Database version: 17.4
	Autocommit mode: undefined/unknown
	Isolation level: undefined/unknown
	Minimum pool size: undefined/unknown
	Maximum pool size: undefined/unknown
2025-06-21T16:39:30.699-04:00  INFO 9111 --- [TaskManager] [restartedMain] o.h.e.t.j.p.i.JtaPlatformInitiator       : HHH000489: No JTA platform available (set 'hibernate.transaction.jta.platform' to enable JTA platform integration)
2025-06-21T16:39:30.821-04:00  INFO 9111 --- [TaskManager] [restartedMain] j.LocalContainerEntityManagerFactoryBean : Initialized JPA EntityManagerFactory for persistence unit 'default'
2025-06-21T16:39:31.034-04:00  INFO 9111 --- [TaskManager] [restartedMain] eAuthenticationProviderManagerConfigurer : Global AuthenticationManager configured with AuthenticationProvider bean with name authenticationProvider
2025-06-21T16:39:31.035-04:00  WARN 9111 --- [TaskManager] [restartedMain] r$InitializeUserDetailsManagerConfigurer : Global AuthenticationManager configured with an AuthenticationProvider bean. UserDetailsService beans will not be used by Spring Security for automatically configuring username/password login. Consider removing the AuthenticationProvider bean. Alternatively, consider using the UserDetailsService in a manually instantiated DaoAuthenticationProvider. If the current configuration is intentional, to turn off this warning, increase the logging level of 'org.springframework.security.config.annotation.authentication.configuration.InitializeUserDetailsBeanManagerConfigurer' to ERROR
2025-06-21T16:39:31.081-04:00  WARN 9111 --- [TaskManager] [restartedMain] JpaBaseConfiguration$JpaWebConfiguration : spring.jpa.open-in-view is enabled by default. Therefore, database queries may be performed during view rendering. Explicitly configure spring.jpa.open-in-view to disable this warning
2025-06-21T16:39:31.390-04:00  INFO 9111 --- [TaskManager] [restartedMain] o.s.b.d.a.OptionalLiveReloadServer       : LiveReload server is running on port 35729
2025-06-21T16:39:31.409-04:00  INFO 9111 --- [TaskManager] [restartedMain] o.s.b.w.embedded.tomcat.TomcatWebServer  : Tomcat started on port 8080 (http) with context path '/'
2025-06-21T16:39:31.415-04:00  INFO 9111 --- [TaskManager] [restartedMain] com.example.api.TaskManagerApplication   : Started TaskManagerApplication in 2.386 seconds (process running for 2.797)
2025-06-21T16:51:00.121-04:00  INFO 9111 --- [TaskManager] [http-nio-8080-exec-1] o.a.c.c.C.[Tomcat].[localhost].[/]       : Initializing Spring DispatcherServlet 'dispatcherServlet'
2025-06-21T16:51:00.129-04:00  INFO 9111 --- [TaskManager] [http-nio-8080-exec-1] o.s.web.servlet.DispatcherServlet        : Initializing Servlet 'dispatcherServlet'
2025-06-21T16:51:00.162-04:00  INFO 9111 --- [TaskManager] [http-nio-8080-exec-1] o.s.web.servlet.DispatcherServlet        : Completed initialization in 33 ms
